[2026-06-10 16:23:49.853524] WARNING: file globals.py: line 168: Failed to find coverage installation. This can be installed with pip3 install coverage

[2026-06-10 16:23:51.490387] |==============================================================================|
[2026-06-10 16:23:51.490565] |=========                      OpenRAM v1.2.49                       =========|
[2026-06-10 16:23:51.490624] |=========                                                            =========|
[2026-06-10 16:23:51.490688] |=========               VLSI Design and Automation Lab               =========|
[2026-06-10 16:23:51.490739] |=========        Computer Science and Engineering Department         =========|
[2026-06-10 16:23:51.490799] |=========            University of California Santa Cruz             =========|
[2026-06-10 16:23:51.490850] |=========                                                            =========|
[2026-06-10 16:23:51.490910] |=========          Usage help: openram-user-group@ucsc.edu           =========|
[2026-06-10 16:23:51.490961] |=========        Development help: openram-dev-group@ucsc.edu        =========|
[2026-06-10 16:23:51.491020] |=========                See LICENSE for license info                =========|
[2026-06-10 16:23:51.491070] |==============================================================================|
[2026-06-10 16:23:51.491141] ** Start: 06/10/2026 16:23:51
[2026-06-10 16:23:51.491225] Technology: sky130
[2026-06-10 16:23:51.491306] Total size: 8192 bits
[2026-06-10 16:23:51.491466] Word size: 32
Words: 256
Banks: 1
[2026-06-10 16:23:51.491562] Write size: 8
[2026-06-10 16:23:51.491639] RW ports: 1
R-only ports: 0
W-only ports: 0
[2026-06-10 16:23:51.491711] Netlist only mode (no physical design is being done, netlist_only=False to disable).
[2026-06-10 16:23:51.491783] Design supply routing skipped. Supplies will have multiple must-connect pins. (route_supplies=True to enable supply routing).
[2026-06-10 16:23:51.491856] DRC/LVS/PEX is only run on the top-level design to save run-time (inline_lvsdrc=True to do inline checking).
[2026-06-10 16:23:51.491925] DRC/LVS/PEX is disabled (check_lvsdrc=True to enable).
[2026-06-10 16:23:51.491997] Characterization is disabled (using analytical delay models) (analytical_delay=False to simulate).
[2026-06-10 16:23:51.492066] Only generating nominal corner timing.
[2026-06-10 16:23:51.500113] Words per row: None
[2026-06-10 16:23:51.500394] Output files are: 
[2026-06-10 16:23:51.500476] /Sky130_memory/work/openram_builds/v20260610_162230/sky130_sram_1kbyte_1rw_32x256_8/sky130_sram_1kbyte_1rw_32x256_8.lvs
[2026-06-10 16:23:51.500551] /Sky130_memory/work/openram_builds/v20260610_162230/sky130_sram_1kbyte_1rw_32x256_8/sky130_sram_1kbyte_1rw_32x256_8.sp
[2026-06-10 16:23:51.500603] /Sky130_memory/work/openram_builds/v20260610_162230/sky130_sram_1kbyte_1rw_32x256_8/sky130_sram_1kbyte_1rw_32x256_8.v
[2026-06-10 16:23:51.500674] /Sky130_memory/work/openram_builds/v20260610_162230/sky130_sram_1kbyte_1rw_32x256_8/sky130_sram_1kbyte_1rw_32x256_8.lib
[2026-06-10 16:23:51.500727] /Sky130_memory/work/openram_builds/v20260610_162230/sky130_sram_1kbyte_1rw_32x256_8/sky130_sram_1kbyte_1rw_32x256_8.py
[2026-06-10 16:23:51.500788] /Sky130_memory/work/openram_builds/v20260610_162230/sky130_sram_1kbyte_1rw_32x256_8/sky130_sram_1kbyte_1rw_32x256_8.html
[2026-06-10 16:23:51.500859] /Sky130_memory/work/openram_builds/v20260610_162230/sky130_sram_1kbyte_1rw_32x256_8/sky130_sram_1kbyte_1rw_32x256_8.log
[2026-06-10 16:23:54.415633] ** Submodules: 2.9 seconds
[2026-06-10 16:23:54.416002] ** SRAM creation: 2.9 seconds
[2026-06-10 16:23:54.416626] SP: Writing to /Sky130_memory/work/openram_builds/v20260610_162230/sky130_sram_1kbyte_1rw_32x256_8/sky130_sram_1kbyte_1rw_32x256_8.sp
[2026-06-10 16:23:54.736947] ** Spice writing: 0.3 seconds
[2026-06-10 16:23:54.737287] DELAY: Writing stimulus...
[2026-06-10 16:23:56.202335] ** DELAY: 1.5 seconds
[2026-06-10 16:23:56.531683] LVS: Writing to /Sky130_memory/work/openram_builds/v20260610_162230/sky130_sram_1kbyte_1rw_32x256_8/sky130_sram_1kbyte_1rw_32x256_8.lvs.sp
[2026-06-10 16:23:56.808490] ** LVS writing: 0.3 seconds
[2026-06-10 16:23:56.808650] LIB: Characterizing... 
[2026-06-10 16:23:58.446992] WARNING: file lib.py: line 778: Failed to retrieve git id

[2026-06-10 16:23:58.449173] ** Characterization: 1.6 seconds
[2026-06-10 16:23:58.449524] Config: Writing to /Sky130_memory/work/openram_builds/v20260610_162230/sky130_sram_1kbyte_1rw_32x256_8/sky130_sram_1kbyte_1rw_32x256_8.py
[2026-06-10 16:23:58.449602] ** Config: 0.0 seconds
[2026-06-10 16:23:58.457699] Datasheet: Writing to /Sky130_memory/work/openram_builds/v20260610_162230/sky130_sram_1kbyte_1rw_32x256_8/sky130_sram_1kbyte_1rw_32x256_8.html
[2026-06-10 16:23:58.458908] ** Datasheet: 0.0 seconds
[2026-06-10 16:23:58.459006] Verilog: Writing to /Sky130_memory/work/openram_builds/v20260610_162230/sky130_sram_1kbyte_1rw_32x256_8/sky130_sram_1kbyte_1rw_32x256_8.v
[2026-06-10 16:23:58.459227] ** Verilog: 0.0 seconds
[2026-06-10 16:23:58.461577] ** End: 7.0 seconds
