[2026-06-10 16:23:59.901744] WARNING: file globals.py: line 168: Failed to find coverage installation. This can be installed with pip3 install coverage

[2026-06-10 16:24:01.658822] |==============================================================================|
[2026-06-10 16:24:01.658961] |=========                      OpenRAM v1.2.49                       =========|
[2026-06-10 16:24:01.659040] |=========                                                            =========|
[2026-06-10 16:24:01.659112] |=========               VLSI Design and Automation Lab               =========|
[2026-06-10 16:24:01.659206] |=========        Computer Science and Engineering Department         =========|
[2026-06-10 16:24:01.659369] |=========            University of California Santa Cruz             =========|
[2026-06-10 16:24:01.659443] |=========                                                            =========|
[2026-06-10 16:24:01.659512] |=========          Usage help: openram-user-group@ucsc.edu           =========|
[2026-06-10 16:24:01.659581] |=========        Development help: openram-dev-group@ucsc.edu        =========|
[2026-06-10 16:24:01.659650] |=========                See LICENSE for license info                =========|
[2026-06-10 16:24:01.659717] |==============================================================================|
[2026-06-10 16:24:01.659819] ** Start: 06/10/2026 16:24:01
[2026-06-10 16:24:01.659977] Technology: sky130
[2026-06-10 16:24:01.660095] Total size: 16384 bits
[2026-06-10 16:24:01.660385] Word size: 32
Words: 512
Banks: 1
[2026-06-10 16:24:01.660522] Write size: 8
[2026-06-10 16:24:01.660647] RW ports: 1
R-only ports: 0
W-only ports: 0
[2026-06-10 16:24:01.660766] Netlist only mode (no physical design is being done, netlist_only=False to disable).
[2026-06-10 16:24:01.660889] Design supply routing skipped. Supplies will have multiple must-connect pins. (route_supplies=True to enable supply routing).
[2026-06-10 16:24:01.661001] DRC/LVS/PEX is only run on the top-level design to save run-time (inline_lvsdrc=True to do inline checking).
[2026-06-10 16:24:01.661113] DRC/LVS/PEX is disabled (check_lvsdrc=True to enable).
[2026-06-10 16:24:01.661225] Characterization is disabled (using analytical delay models) (analytical_delay=False to simulate).
[2026-06-10 16:24:01.661337] Only generating nominal corner timing.
[2026-06-10 16:24:01.670645] Words per row: None
[2026-06-10 16:24:01.670803] Output files are: 
[2026-06-10 16:24:01.670881] /Sky130_memory/work/openram_builds/v20260610_162230/sky130_sram_2kbyte_1rw_32x512_8/sky130_sram_2kbyte_1rw_32x512_8.lvs
[2026-06-10 16:24:01.670959] /Sky130_memory/work/openram_builds/v20260610_162230/sky130_sram_2kbyte_1rw_32x512_8/sky130_sram_2kbyte_1rw_32x512_8.sp
[2026-06-10 16:24:01.671011] /Sky130_memory/work/openram_builds/v20260610_162230/sky130_sram_2kbyte_1rw_32x512_8/sky130_sram_2kbyte_1rw_32x512_8.v
[2026-06-10 16:24:01.671075] /Sky130_memory/work/openram_builds/v20260610_162230/sky130_sram_2kbyte_1rw_32x512_8/sky130_sram_2kbyte_1rw_32x512_8.lib
[2026-06-10 16:24:01.671165] /Sky130_memory/work/openram_builds/v20260610_162230/sky130_sram_2kbyte_1rw_32x512_8/sky130_sram_2kbyte_1rw_32x512_8.py
[2026-06-10 16:24:01.671218] /Sky130_memory/work/openram_builds/v20260610_162230/sky130_sram_2kbyte_1rw_32x512_8/sky130_sram_2kbyte_1rw_32x512_8.html
[2026-06-10 16:24:01.671282] /Sky130_memory/work/openram_builds/v20260610_162230/sky130_sram_2kbyte_1rw_32x512_8/sky130_sram_2kbyte_1rw_32x512_8.log
[2026-06-10 16:24:08.104374] ** Submodules: 6.4 seconds
[2026-06-10 16:24:08.104854] ** SRAM creation: 6.4 seconds
[2026-06-10 16:24:08.105426] SP: Writing to /Sky130_memory/work/openram_builds/v20260610_162230/sky130_sram_2kbyte_1rw_32x512_8/sky130_sram_2kbyte_1rw_32x512_8.sp
[2026-06-10 16:24:08.785889] ** Spice writing: 0.7 seconds
[2026-06-10 16:24:08.786324] DELAY: Writing stimulus...
[2026-06-10 16:24:11.708617] ** DELAY: 2.9 seconds
[2026-06-10 16:24:12.268446] LVS: Writing to /Sky130_memory/work/openram_builds/v20260610_162230/sky130_sram_2kbyte_1rw_32x512_8/sky130_sram_2kbyte_1rw_32x512_8.lvs.sp
[2026-06-10 16:24:12.771104] ** LVS writing: 0.5 seconds
[2026-06-10 16:24:12.771295] LIB: Characterizing... 
[2026-06-10 16:24:16.103048] WARNING: file lib.py: line 778: Failed to retrieve git id

[2026-06-10 16:24:16.104326] ** Characterization: 3.3 seconds
[2026-06-10 16:24:16.104615] Config: Writing to /Sky130_memory/work/openram_builds/v20260610_162230/sky130_sram_2kbyte_1rw_32x512_8/sky130_sram_2kbyte_1rw_32x512_8.py
[2026-06-10 16:24:16.104708] ** Config: 0.0 seconds
[2026-06-10 16:24:16.105906] Datasheet: Writing to /Sky130_memory/work/openram_builds/v20260610_162230/sky130_sram_2kbyte_1rw_32x512_8/sky130_sram_2kbyte_1rw_32x512_8.html
[2026-06-10 16:24:16.107214] ** Datasheet: 0.0 seconds
[2026-06-10 16:24:16.107312] Verilog: Writing to /Sky130_memory/work/openram_builds/v20260610_162230/sky130_sram_2kbyte_1rw_32x512_8/sky130_sram_2kbyte_1rw_32x512_8.v
[2026-06-10 16:24:16.107534] ** Verilog: 0.0 seconds
[2026-06-10 16:24:16.110679] ** End: 14.5 seconds
