[2026-06-12 22:06:09.155337] WARNING: file globals.py: line 168: Failed to find coverage installation. This can be installed with pip3 install coverage

[2026-06-12 22:06:10.756888] |==============================================================================|
[2026-06-12 22:06:10.757015] |=========                      OpenRAM v1.2.49                       =========|
[2026-06-12 22:06:10.757065] |=========                                                            =========|
[2026-06-12 22:06:10.757184] |=========               VLSI Design and Automation Lab               =========|
[2026-06-12 22:06:10.757242] |=========        Computer Science and Engineering Department         =========|
[2026-06-12 22:06:10.757283] |=========            University of California Santa Cruz             =========|
[2026-06-12 22:06:10.757349] |=========                                                            =========|
[2026-06-12 22:06:10.757388] |=========          Usage help: openram-user-group@ucsc.edu           =========|
[2026-06-12 22:06:10.757427] |=========        Development help: openram-dev-group@ucsc.edu        =========|
[2026-06-12 22:06:10.757464] |=========                See LICENSE for license info                =========|
[2026-06-12 22:06:10.757500] |==============================================================================|
[2026-06-12 22:06:10.757548] ** Start: 06/12/2026 22:06:10
[2026-06-12 22:06:10.757593] Technology: sky130
[2026-06-12 22:06:10.757634] Total size: 1024 bits
[2026-06-12 22:06:10.757676] Word size: 32
Words: 32
Banks: 1
[2026-06-12 22:06:10.757717] RW ports: 0
R-only ports: 1
W-only ports: 1
[2026-06-12 22:06:10.757754] Netlist only mode (no physical design is being done, netlist_only=False to disable).
[2026-06-12 22:06:10.757793] Design supply routing skipped. Supplies will have multiple must-connect pins. (route_supplies=True to enable supply routing).
[2026-06-12 22:06:10.757833] DRC/LVS/PEX is only run on the top-level design to save run-time (inline_lvsdrc=True to do inline checking).
[2026-06-12 22:06:10.757870] DRC/LVS/PEX is disabled (check_lvsdrc=True to enable).
[2026-06-12 22:06:10.757905] Characterization is disabled (using analytical delay models) (analytical_delay=False to simulate).
[2026-06-12 22:06:10.765022] Words per row: None
[2026-06-12 22:06:10.765149] Output files are: 
[2026-06-12 22:06:10.765195] /Sky130_memory/work/openram_builds/v20260612_1r1w_full/sky130_sram_128bytes_1r1w_32x32/sky130_sram_128bytes_1r1w_32x32.lvs
[2026-06-12 22:06:10.765236] /Sky130_memory/work/openram_builds/v20260612_1r1w_full/sky130_sram_128bytes_1r1w_32x32/sky130_sram_128bytes_1r1w_32x32.sp
[2026-06-12 22:06:10.765274] /Sky130_memory/work/openram_builds/v20260612_1r1w_full/sky130_sram_128bytes_1r1w_32x32/sky130_sram_128bytes_1r1w_32x32.v
[2026-06-12 22:06:10.765312] /Sky130_memory/work/openram_builds/v20260612_1r1w_full/sky130_sram_128bytes_1r1w_32x32/sky130_sram_128bytes_1r1w_32x32.lib
[2026-06-12 22:06:10.765378] /Sky130_memory/work/openram_builds/v20260612_1r1w_full/sky130_sram_128bytes_1r1w_32x32/sky130_sram_128bytes_1r1w_32x32.py
[2026-06-12 22:06:10.765420] /Sky130_memory/work/openram_builds/v20260612_1r1w_full/sky130_sram_128bytes_1r1w_32x32/sky130_sram_128bytes_1r1w_32x32.html
[2026-06-12 22:06:10.765458] /Sky130_memory/work/openram_builds/v20260612_1r1w_full/sky130_sram_128bytes_1r1w_32x32/sky130_sram_128bytes_1r1w_32x32.log
[2026-06-12 22:06:11.175050] ** Submodules: 0.4 seconds
[2026-06-12 22:06:11.175455] ** SRAM creation: 0.4 seconds
[2026-06-12 22:06:11.175981] SP: Writing to /Sky130_memory/work/openram_builds/v20260612_1r1w_full/sky130_sram_128bytes_1r1w_32x32/sky130_sram_128bytes_1r1w_32x32.sp
[2026-06-12 22:06:11.260710] ** Spice writing: 0.1 seconds
[2026-06-12 22:06:11.260864] DELAY: Writing stimulus...
[2026-06-12 22:06:11.494710] ** DELAY: 0.2 seconds
[2026-06-12 22:06:11.530321] LVS: Writing to /Sky130_memory/work/openram_builds/v20260612_1r1w_full/sky130_sram_128bytes_1r1w_32x32/sky130_sram_128bytes_1r1w_32x32.lvs.sp
[2026-06-12 22:06:11.565411] ** LVS writing: 0.0 seconds
[2026-06-12 22:06:11.565563] LIB: Characterizing... 
[2026-06-12 22:06:11.635956] WARNING: file elmore.py: line 45: In analytical mode, all ports have the timing of the first read port.

[2026-06-12 22:06:11.820670] WARNING: file lib.py: line 778: Failed to retrieve git id

[2026-06-12 22:06:11.822823] WARNING: file elmore.py: line 45: In analytical mode, all ports have the timing of the first read port.

[2026-06-12 22:06:12.011461] WARNING: file lib.py: line 778: Failed to retrieve git id

[2026-06-12 22:06:12.013705] WARNING: file elmore.py: line 45: In analytical mode, all ports have the timing of the first read port.

[2026-06-12 22:06:12.199961] WARNING: file lib.py: line 778: Failed to retrieve git id

[2026-06-12 22:06:12.201865] WARNING: file elmore.py: line 45: In analytical mode, all ports have the timing of the first read port.

[2026-06-12 22:06:12.387018] WARNING: file lib.py: line 778: Failed to retrieve git id

[2026-06-12 22:06:12.389413] WARNING: file elmore.py: line 45: In analytical mode, all ports have the timing of the first read port.

[2026-06-12 22:06:12.592793] WARNING: file lib.py: line 778: Failed to retrieve git id

[2026-06-12 22:06:12.595067] WARNING: file elmore.py: line 45: In analytical mode, all ports have the timing of the first read port.

[2026-06-12 22:06:12.794245] WARNING: file lib.py: line 778: Failed to retrieve git id

[2026-06-12 22:06:12.796518] WARNING: file elmore.py: line 45: In analytical mode, all ports have the timing of the first read port.

[2026-06-12 22:06:12.987284] WARNING: file lib.py: line 778: Failed to retrieve git id

[2026-06-12 22:06:12.989410] WARNING: file elmore.py: line 45: In analytical mode, all ports have the timing of the first read port.

[2026-06-12 22:06:13.179379] WARNING: file lib.py: line 778: Failed to retrieve git id

[2026-06-12 22:06:13.181666] WARNING: file elmore.py: line 45: In analytical mode, all ports have the timing of the first read port.

[2026-06-12 22:06:13.382090] WARNING: file lib.py: line 778: Failed to retrieve git id

[2026-06-12 22:06:13.383554] ** Characterization: 1.8 seconds
[2026-06-12 22:06:13.383809] Config: Writing to /Sky130_memory/work/openram_builds/v20260612_1r1w_full/sky130_sram_128bytes_1r1w_32x32/sky130_sram_128bytes_1r1w_32x32.py
[2026-06-12 22:06:13.383872] ** Config: 0.0 seconds
[2026-06-12 22:06:13.385139] Datasheet: Writing to /Sky130_memory/work/openram_builds/v20260612_1r1w_full/sky130_sram_128bytes_1r1w_32x32/sky130_sram_128bytes_1r1w_32x32.html
[2026-06-12 22:06:13.386939] ** Datasheet: 0.0 seconds
[2026-06-12 22:06:13.387015] Verilog: Writing to /Sky130_memory/work/openram_builds/v20260612_1r1w_full/sky130_sram_128bytes_1r1w_32x32/sky130_sram_128bytes_1r1w_32x32.v
[2026-06-12 22:06:13.387289] ** Verilog: 0.0 seconds
[2026-06-12 22:06:13.387342] Extended Config: Writing to /Sky130_memory/work/openram_builds/v20260612_1r1w_full/sky130_sram_128bytes_1r1w_32x32/sky130_sram_128bytes_1r1w_32x32_extended.py
[2026-06-12 22:06:13.387709] ** Extended Config: 0.0 seconds
[2026-06-12 22:06:13.389500] ** End: 2.6 seconds
