[2026-06-12 22:07:46.643892] WARNING: file globals.py: line 168: Failed to find coverage installation. This can be installed with pip3 install coverage

[2026-06-12 22:07:47.999615] |==============================================================================|
[2026-06-12 22:07:48.000213] |=========                      OpenRAM v1.2.49                       =========|
[2026-06-12 22:07:48.000300] |=========                                                            =========|
[2026-06-12 22:07:48.000346] |=========               VLSI Design and Automation Lab               =========|
[2026-06-12 22:07:48.000385] |=========        Computer Science and Engineering Department         =========|
[2026-06-12 22:07:48.000422] |=========            University of California Santa Cruz             =========|
[2026-06-12 22:07:48.000458] |=========                                                            =========|
[2026-06-12 22:07:48.000494] |=========          Usage help: openram-user-group@ucsc.edu           =========|
[2026-06-12 22:07:48.000530] |=========        Development help: openram-dev-group@ucsc.edu        =========|
[2026-06-12 22:07:48.000565] |=========                See LICENSE for license info                =========|
[2026-06-12 22:07:48.000601] |==============================================================================|
[2026-06-12 22:07:48.000649] ** Start: 06/12/2026 22:07:48
[2026-06-12 22:07:48.000695] Technology: sky130
[2026-06-12 22:07:48.000733] Total size: 17152 bits
[2026-06-12 22:07:48.000777] Word size: 134
Words: 128
Banks: 1
[2026-06-12 22:07:48.000818] RW ports: 0
R-only ports: 1
W-only ports: 1
[2026-06-12 22:07:48.000854] Netlist only mode (no physical design is being done, netlist_only=False to disable).
[2026-06-12 22:07:48.000893] Design supply routing skipped. Supplies will have multiple must-connect pins. (route_supplies=True to enable supply routing).
[2026-06-12 22:07:48.000932] DRC/LVS/PEX is only run on the top-level design to save run-time (inline_lvsdrc=True to do inline checking).
[2026-06-12 22:07:48.000968] DRC/LVS/PEX is disabled (check_lvsdrc=True to enable).
[2026-06-12 22:07:48.001002] Characterization is disabled (using analytical delay models) (analytical_delay=False to simulate).
[2026-06-12 22:07:48.007748] Words per row: None
[2026-06-12 22:07:48.007854] Output files are: 
[2026-06-12 22:07:48.007897] /Sky130_memory/work/openram_builds/v20260612_1r1w_full/sky130_sram_2144bytes_1r1w_134x128/sky130_sram_2144bytes_1r1w_134x128.lvs
[2026-06-12 22:07:48.007935] /Sky130_memory/work/openram_builds/v20260612_1r1w_full/sky130_sram_2144bytes_1r1w_134x128/sky130_sram_2144bytes_1r1w_134x128.sp
[2026-06-12 22:07:48.007971] /Sky130_memory/work/openram_builds/v20260612_1r1w_full/sky130_sram_2144bytes_1r1w_134x128/sky130_sram_2144bytes_1r1w_134x128.v
[2026-06-12 22:07:48.008007] /Sky130_memory/work/openram_builds/v20260612_1r1w_full/sky130_sram_2144bytes_1r1w_134x128/sky130_sram_2144bytes_1r1w_134x128.lib
[2026-06-12 22:07:48.008042] /Sky130_memory/work/openram_builds/v20260612_1r1w_full/sky130_sram_2144bytes_1r1w_134x128/sky130_sram_2144bytes_1r1w_134x128.py
[2026-06-12 22:07:48.008077] /Sky130_memory/work/openram_builds/v20260612_1r1w_full/sky130_sram_2144bytes_1r1w_134x128/sky130_sram_2144bytes_1r1w_134x128.html
[2026-06-12 22:07:48.008111] /Sky130_memory/work/openram_builds/v20260612_1r1w_full/sky130_sram_2144bytes_1r1w_134x128/sky130_sram_2144bytes_1r1w_134x128.log
[2026-06-12 22:07:54.448305] ** Submodules: 6.4 seconds
[2026-06-12 22:07:54.448591] ** SRAM creation: 6.4 seconds
[2026-06-12 22:07:54.449099] SP: Writing to /Sky130_memory/work/openram_builds/v20260612_1r1w_full/sky130_sram_2144bytes_1r1w_134x128/sky130_sram_2144bytes_1r1w_134x128.sp
[2026-06-12 22:07:54.944793] ** Spice writing: 0.5 seconds
[2026-06-12 22:07:54.945106] DELAY: Writing stimulus...
[2026-06-12 22:07:56.717070] ** DELAY: 1.8 seconds
[2026-06-12 22:07:57.066516] LVS: Writing to /Sky130_memory/work/openram_builds/v20260612_1r1w_full/sky130_sram_2144bytes_1r1w_134x128/sky130_sram_2144bytes_1r1w_134x128.lvs.sp
[2026-06-12 22:07:57.413825] ** LVS writing: 0.3 seconds
[2026-06-12 22:07:57.413960] LIB: Characterizing... 
[2026-06-12 22:07:57.481757] WARNING: file elmore.py: line 45: In analytical mode, all ports have the timing of the first read port.

[2026-06-12 22:07:59.287007] WARNING: file lib.py: line 778: Failed to retrieve git id

[2026-06-12 22:07:59.289269] WARNING: file elmore.py: line 45: In analytical mode, all ports have the timing of the first read port.

[2026-06-12 22:08:01.142532] WARNING: file lib.py: line 778: Failed to retrieve git id

[2026-06-12 22:08:01.144891] WARNING: file elmore.py: line 45: In analytical mode, all ports have the timing of the first read port.

[2026-06-12 22:08:03.131828] WARNING: file lib.py: line 778: Failed to retrieve git id

[2026-06-12 22:08:03.134124] WARNING: file elmore.py: line 45: In analytical mode, all ports have the timing of the first read port.

[2026-06-12 22:08:04.942891] WARNING: file lib.py: line 778: Failed to retrieve git id

[2026-06-12 22:08:04.945523] WARNING: file elmore.py: line 45: In analytical mode, all ports have the timing of the first read port.

[2026-06-12 22:08:06.867875] WARNING: file lib.py: line 778: Failed to retrieve git id

[2026-06-12 22:08:06.870367] WARNING: file elmore.py: line 45: In analytical mode, all ports have the timing of the first read port.

[2026-06-12 22:08:08.815231] WARNING: file lib.py: line 778: Failed to retrieve git id

[2026-06-12 22:08:08.817492] WARNING: file elmore.py: line 45: In analytical mode, all ports have the timing of the first read port.

[2026-06-12 22:08:10.574267] WARNING: file lib.py: line 778: Failed to retrieve git id

[2026-06-12 22:08:10.576582] WARNING: file elmore.py: line 45: In analytical mode, all ports have the timing of the first read port.

[2026-06-12 22:08:12.475671] WARNING: file lib.py: line 778: Failed to retrieve git id

[2026-06-12 22:08:12.477995] WARNING: file elmore.py: line 45: In analytical mode, all ports have the timing of the first read port.

[2026-06-12 22:08:14.388240] WARNING: file lib.py: line 778: Failed to retrieve git id

[2026-06-12 22:08:14.389780] ** Characterization: 17.0 seconds
[2026-06-12 22:08:14.390020] Config: Writing to /Sky130_memory/work/openram_builds/v20260612_1r1w_full/sky130_sram_2144bytes_1r1w_134x128/sky130_sram_2144bytes_1r1w_134x128.py
[2026-06-12 22:08:14.390081] ** Config: 0.0 seconds
[2026-06-12 22:08:14.391329] Datasheet: Writing to /Sky130_memory/work/openram_builds/v20260612_1r1w_full/sky130_sram_2144bytes_1r1w_134x128/sky130_sram_2144bytes_1r1w_134x128.html
[2026-06-12 22:08:14.393171] ** Datasheet: 0.0 seconds
[2026-06-12 22:08:14.393243] Verilog: Writing to /Sky130_memory/work/openram_builds/v20260612_1r1w_full/sky130_sram_2144bytes_1r1w_134x128/sky130_sram_2144bytes_1r1w_134x128.v
[2026-06-12 22:08:14.393429] ** Verilog: 0.0 seconds
[2026-06-12 22:08:14.393509] Extended Config: Writing to /Sky130_memory/work/openram_builds/v20260612_1r1w_full/sky130_sram_2144bytes_1r1w_134x128/sky130_sram_2144bytes_1r1w_134x128_extended.py
[2026-06-12 22:08:14.393854] ** Extended Config: 0.0 seconds
[2026-06-12 22:08:14.396912] ** End: 26.4 seconds
