[2026-06-12 20:54:58.274274] WARNING: file globals.py: line 168: Failed to find coverage installation. This can be installed with pip3 install coverage

[2026-06-12 20:54:59.964248] |==============================================================================|
[2026-06-12 20:54:59.964396] |=========                      OpenRAM v1.2.49                       =========|
[2026-06-12 20:54:59.964588] |=========                                                            =========|
[2026-06-12 20:54:59.964675] |=========               VLSI Design and Automation Lab               =========|
[2026-06-12 20:54:59.964750] |=========        Computer Science and Engineering Department         =========|
[2026-06-12 20:54:59.964821] |=========            University of California Santa Cruz             =========|
[2026-06-12 20:54:59.964890] |=========                                                            =========|
[2026-06-12 20:54:59.964999] |=========          Usage help: openram-user-group@ucsc.edu           =========|
[2026-06-12 20:54:59.965074] |=========        Development help: openram-dev-group@ucsc.edu        =========|
[2026-06-12 20:54:59.965139] |=========                See LICENSE for license info                =========|
[2026-06-12 20:54:59.965187] |==============================================================================|
[2026-06-12 20:54:59.965260] ** Start: 06/12/2026 20:54:59
[2026-06-12 20:54:59.965339] Technology: sky130
[2026-06-12 20:54:59.965411] Total size: 4096 bits
[2026-06-12 20:54:59.965504] Word size: 32
Words: 128
Banks: 1
[2026-06-12 20:54:59.965580] RW ports: 0
R-only ports: 1
W-only ports: 1
[2026-06-12 20:54:59.965649] Netlist only mode (no physical design is being done, netlist_only=False to disable).
[2026-06-12 20:54:59.965722] Design supply routing skipped. Supplies will have multiple must-connect pins. (route_supplies=True to enable supply routing).
[2026-06-12 20:54:59.965775] DRC/LVS/PEX is only run on the top-level design to save run-time (inline_lvsdrc=True to do inline checking).
[2026-06-12 20:54:59.965835] DRC/LVS/PEX is disabled (check_lvsdrc=True to enable).
[2026-06-12 20:54:59.965905] Characterization is disabled (using analytical delay models) (analytical_delay=False to simulate).
[2026-06-12 20:54:59.966032] Only generating nominal corner timing.
[2026-06-12 20:54:59.972786] Words per row: None
[2026-06-12 20:54:59.972908] Output files are: 
[2026-06-12 20:54:59.972952] /Sky130_memory/work/openram_builds/v20260612_1r1w/sky130_sram_512bytes_1r1w_32x128/sky130_sram_512bytes_1r1w_32x128.lvs
[2026-06-12 20:54:59.972990] /Sky130_memory/work/openram_builds/v20260612_1r1w/sky130_sram_512bytes_1r1w_32x128/sky130_sram_512bytes_1r1w_32x128.sp
[2026-06-12 20:54:59.973025] /Sky130_memory/work/openram_builds/v20260612_1r1w/sky130_sram_512bytes_1r1w_32x128/sky130_sram_512bytes_1r1w_32x128.v
[2026-06-12 20:54:59.973060] /Sky130_memory/work/openram_builds/v20260612_1r1w/sky130_sram_512bytes_1r1w_32x128/sky130_sram_512bytes_1r1w_32x128.lib
[2026-06-12 20:54:59.973097] /Sky130_memory/work/openram_builds/v20260612_1r1w/sky130_sram_512bytes_1r1w_32x128/sky130_sram_512bytes_1r1w_32x128.py
[2026-06-12 20:54:59.973269] /Sky130_memory/work/openram_builds/v20260612_1r1w/sky130_sram_512bytes_1r1w_32x128/sky130_sram_512bytes_1r1w_32x128.html
[2026-06-12 20:54:59.973350] /Sky130_memory/work/openram_builds/v20260612_1r1w/sky130_sram_512bytes_1r1w_32x128/sky130_sram_512bytes_1r1w_32x128.log
[2026-06-12 20:55:01.372393] ** Submodules: 1.4 seconds
[2026-06-12 20:55:01.372743] ** SRAM creation: 1.4 seconds
[2026-06-12 20:55:01.373291] SP: Writing to /Sky130_memory/work/openram_builds/v20260612_1r1w/sky130_sram_512bytes_1r1w_32x128/sky130_sram_512bytes_1r1w_32x128.sp
[2026-06-12 20:55:01.534545] ** Spice writing: 0.2 seconds
[2026-06-12 20:55:01.534726] DELAY: Writing stimulus...
[2026-06-12 20:55:02.065955] ** DELAY: 0.5 seconds
[2026-06-12 20:55:02.172503] LVS: Writing to /Sky130_memory/work/openram_builds/v20260612_1r1w/sky130_sram_512bytes_1r1w_32x128/sky130_sram_512bytes_1r1w_32x128.lvs.sp
[2026-06-12 20:55:02.274133] ** LVS writing: 0.1 seconds
[2026-06-12 20:55:02.274318] LIB: Characterizing... 
[2026-06-12 20:55:02.347517] WARNING: file elmore.py: line 45: In analytical mode, all ports have the timing of the first read port.

[2026-06-12 20:55:02.951183] WARNING: file lib.py: line 778: Failed to retrieve git id

[2026-06-12 20:55:02.952724] ** Characterization: 0.7 seconds
[2026-06-12 20:55:02.953134] Config: Writing to /Sky130_memory/work/openram_builds/v20260612_1r1w/sky130_sram_512bytes_1r1w_32x128/sky130_sram_512bytes_1r1w_32x128.py
[2026-06-12 20:55:02.953273] ** Config: 0.0 seconds
[2026-06-12 20:55:02.954425] Datasheet: Writing to /Sky130_memory/work/openram_builds/v20260612_1r1w/sky130_sram_512bytes_1r1w_32x128/sky130_sram_512bytes_1r1w_32x128.html
[2026-06-12 20:55:02.955691] ** Datasheet: 0.0 seconds
[2026-06-12 20:55:02.955793] Verilog: Writing to /Sky130_memory/work/openram_builds/v20260612_1r1w/sky130_sram_512bytes_1r1w_32x128/sky130_sram_512bytes_1r1w_32x128.v
[2026-06-12 20:55:02.956206] ** Verilog: 0.0 seconds
[2026-06-12 20:55:02.958033] ** End: 3.0 seconds
