[2026-06-10 11:37:16.080918] |==============================================================================|
[2026-06-10 11:37:16.084463] |=========                      OpenRAM v1.2.49                       =========|
[2026-06-10 11:37:16.087192] |=========                                                            =========|
[2026-06-10 11:37:16.089825] |=========               VLSI Design and Automation Lab               =========|
[2026-06-10 11:37:16.092847] |=========        Computer Science and Engineering Department         =========|
[2026-06-10 11:37:16.095478] |=========            University of California Santa Cruz             =========|
[2026-06-10 11:37:16.097636] |=========                                                            =========|
[2026-06-10 11:37:16.099705] |=========          Usage help: openram-user-group@ucsc.edu           =========|
[2026-06-10 11:37:16.102043] |=========        Development help: openram-dev-group@ucsc.edu        =========|
[2026-06-10 11:37:16.104142] |=========                See LICENSE for license info                =========|
[2026-06-10 11:37:16.106103] |==============================================================================|
[2026-06-10 11:37:16.108279] ** Start: 06/10/2026 11:37:16
[2026-06-10 11:37:16.110655] Technology: sky130
[2026-06-10 11:37:16.113722] Total size: 16384 bits
[2026-06-10 11:37:16.117196] Word size: 32
Words: 512
Banks: 1
[2026-06-10 11:37:16.120294] Write size: 8
[2026-06-10 11:37:16.122879] RW ports: 1
R-only ports: 0
W-only ports: 0
[2026-06-10 11:37:16.125411] Netlist only mode (no physical design is being done, netlist_only=False to disable).
[2026-06-10 11:37:16.127758] Design supply routing skipped. Supplies will have multiple must-connect pins. (route_supplies=True to enable supply routing).
[2026-06-10 11:37:16.129895] DRC/LVS/PEX is only run on the top-level design to save run-time (inline_lvsdrc=True to do inline checking).
[2026-06-10 11:37:16.132581] DRC/LVS/PEX is disabled (check_lvsdrc=True to enable).
[2026-06-10 11:37:16.135031] Characterization is disabled (using analytical delay models) (analytical_delay=False to simulate).
[2026-06-10 11:37:16.137256] Only generating nominal corner timing.
[2026-06-10 11:37:16.169905] Words per row: None
[2026-06-10 11:37:16.172050] Output files are: 
[2026-06-10 11:37:16.174241] /mnt/d/trae_projects/Sky130_Power/repo_extracts/OpenRAM-stable/macros/sky130_sram_2kbyte_1rw_32x512_8/sky130_sram_2kbyte_1rw_32x512_8.lvs
[2026-06-10 11:37:16.176354] /mnt/d/trae_projects/Sky130_Power/repo_extracts/OpenRAM-stable/macros/sky130_sram_2kbyte_1rw_32x512_8/sky130_sram_2kbyte_1rw_32x512_8.sp
[2026-06-10 11:37:16.179280] /mnt/d/trae_projects/Sky130_Power/repo_extracts/OpenRAM-stable/macros/sky130_sram_2kbyte_1rw_32x512_8/sky130_sram_2kbyte_1rw_32x512_8.v
[2026-06-10 11:37:16.181894] /mnt/d/trae_projects/Sky130_Power/repo_extracts/OpenRAM-stable/macros/sky130_sram_2kbyte_1rw_32x512_8/sky130_sram_2kbyte_1rw_32x512_8.lib
[2026-06-10 11:37:16.184260] /mnt/d/trae_projects/Sky130_Power/repo_extracts/OpenRAM-stable/macros/sky130_sram_2kbyte_1rw_32x512_8/sky130_sram_2kbyte_1rw_32x512_8.py
[2026-06-10 11:37:16.186422] /mnt/d/trae_projects/Sky130_Power/repo_extracts/OpenRAM-stable/macros/sky130_sram_2kbyte_1rw_32x512_8/sky130_sram_2kbyte_1rw_32x512_8.html
[2026-06-10 11:37:16.188591] /mnt/d/trae_projects/Sky130_Power/repo_extracts/OpenRAM-stable/macros/sky130_sram_2kbyte_1rw_32x512_8/sky130_sram_2kbyte_1rw_32x512_8.log
[2026-06-10 11:37:21.829080] ** Submodules: 5.5 seconds
[2026-06-10 11:37:21.833507] ** SRAM creation: 5.5 seconds
[2026-06-10 11:37:21.841422] SP: Writing to /mnt/d/trae_projects/Sky130_Power/repo_extracts/OpenRAM-stable/macros/sky130_sram_2kbyte_1rw_32x512_8/sky130_sram_2kbyte_1rw_32x512_8.sp
[2026-06-10 11:37:22.291818] ** Spice writing: 0.5 seconds
[2026-06-10 11:37:22.294027] DELAY: Writing stimulus...
[2026-06-10 11:37:23.837400] ** DELAY: 1.5 seconds
[2026-06-10 11:37:24.194142] LVS: Writing to /mnt/d/trae_projects/Sky130_Power/repo_extracts/OpenRAM-stable/macros/sky130_sram_2kbyte_1rw_32x512_8/sky130_sram_2kbyte_1rw_32x512_8.lvs.sp
[2026-06-10 11:37:24.551031] ** LVS writing: 0.4 seconds
[2026-06-10 11:37:24.553307] LIB: Characterizing... 
[2026-06-10 11:37:27.122249] WARNING: file lib.py: line 778: Failed to retrieve git id

[2026-06-10 11:37:27.125195] ** Characterization: 2.6 seconds
[2026-06-10 11:37:27.135574] Config: Writing to /mnt/d/trae_projects/Sky130_Power/repo_extracts/OpenRAM-stable/macros/sky130_sram_2kbyte_1rw_32x512_8/sky130_sram_2kbyte_1rw_32x512_8.py
[2026-06-10 11:37:27.139789] ** Config: 0.0 seconds
[2026-06-10 11:37:27.188945] Datasheet: Writing to /mnt/d/trae_projects/Sky130_Power/repo_extracts/OpenRAM-stable/macros/sky130_sram_2kbyte_1rw_32x512_8/sky130_sram_2kbyte_1rw_32x512_8.html
[2026-06-10 11:37:27.212754] ** Datasheet: 0.1 seconds
[2026-06-10 11:37:27.216880] Verilog: Writing to /mnt/d/trae_projects/Sky130_Power/repo_extracts/OpenRAM-stable/macros/sky130_sram_2kbyte_1rw_32x512_8/sky130_sram_2kbyte_1rw_32x512_8.v
[2026-06-10 11:37:27.227930] ** Verilog: 0.0 seconds
[2026-06-10 11:37:27.239711] ** End: 11.1 seconds
