[2026-06-10 11:16:33.162720] |==============================================================================|
[2026-06-10 11:16:33.166290] |=========                      OpenRAM v1.2.49                       =========|
[2026-06-10 11:16:33.168602] |=========                                                            =========|
[2026-06-10 11:16:33.170400] |=========               VLSI Design and Automation Lab               =========|
[2026-06-10 11:16:33.172042] |=========        Computer Science and Engineering Department         =========|
[2026-06-10 11:16:33.173716] |=========            University of California Santa Cruz             =========|
[2026-06-10 11:16:33.175420] |=========                                                            =========|
[2026-06-10 11:16:33.177182] |=========          Usage help: openram-user-group@ucsc.edu           =========|
[2026-06-10 11:16:33.178820] |=========        Development help: openram-dev-group@ucsc.edu        =========|
[2026-06-10 11:16:33.180505] |=========                See LICENSE for license info                =========|
[2026-06-10 11:16:33.182493] |==============================================================================|
[2026-06-10 11:16:33.184379] ** Start: 06/10/2026 11:16:33
[2026-06-10 11:16:33.186254] Technology: sky130
[2026-06-10 11:16:33.188082] Total size: 8192 bits
[2026-06-10 11:16:33.190002] Word size: 32
Words: 256
Banks: 1
[2026-06-10 11:16:33.191687] Write size: 8
[2026-06-10 11:16:33.193527] RW ports: 1
R-only ports: 0
W-only ports: 0
[2026-06-10 11:16:33.195327] Netlist only mode (no physical design is being done, netlist_only=False to disable).
[2026-06-10 11:16:33.197024] Design supply routing skipped. Supplies will have multiple must-connect pins. (route_supplies=True to enable supply routing).
[2026-06-10 11:16:33.199023] DRC/LVS/PEX is only run on the top-level design to save run-time (inline_lvsdrc=True to do inline checking).
[2026-06-10 11:16:33.200879] DRC/LVS/PEX is disabled (check_lvsdrc=True to enable).
[2026-06-10 11:16:33.202754] Characterization is disabled (using analytical delay models) (analytical_delay=False to simulate).
[2026-06-10 11:16:33.204496] Only generating nominal corner timing.
[2026-06-10 11:16:33.235230] Words per row: None
[2026-06-10 11:16:33.237112] Output files are: 
[2026-06-10 11:16:33.238915] /mnt/d/trae_projects/Sky130_Power/repo_extracts/OpenRAM-stable/macros/sky130_sram_1kbyte_1rw_32x256_8/sky130_sram_1kbyte_1rw_32x256_8.lvs
[2026-06-10 11:16:33.240691] /mnt/d/trae_projects/Sky130_Power/repo_extracts/OpenRAM-stable/macros/sky130_sram_1kbyte_1rw_32x256_8/sky130_sram_1kbyte_1rw_32x256_8.sp
[2026-06-10 11:16:33.242506] /mnt/d/trae_projects/Sky130_Power/repo_extracts/OpenRAM-stable/macros/sky130_sram_1kbyte_1rw_32x256_8/sky130_sram_1kbyte_1rw_32x256_8.v
[2026-06-10 11:16:33.244362] /mnt/d/trae_projects/Sky130_Power/repo_extracts/OpenRAM-stable/macros/sky130_sram_1kbyte_1rw_32x256_8/sky130_sram_1kbyte_1rw_32x256_8.lib
[2026-06-10 11:16:33.246102] /mnt/d/trae_projects/Sky130_Power/repo_extracts/OpenRAM-stable/macros/sky130_sram_1kbyte_1rw_32x256_8/sky130_sram_1kbyte_1rw_32x256_8.py
[2026-06-10 11:16:33.248054] /mnt/d/trae_projects/Sky130_Power/repo_extracts/OpenRAM-stable/macros/sky130_sram_1kbyte_1rw_32x256_8/sky130_sram_1kbyte_1rw_32x256_8.html
[2026-06-10 11:16:33.250248] /mnt/d/trae_projects/Sky130_Power/repo_extracts/OpenRAM-stable/macros/sky130_sram_1kbyte_1rw_32x256_8/sky130_sram_1kbyte_1rw_32x256_8.log
[2026-06-10 11:16:36.895985] ** Submodules: 3.5 seconds
[2026-06-10 11:16:36.900493] ** SRAM creation: 3.5 seconds
[2026-06-10 11:16:36.911440] SP: Writing to /mnt/d/trae_projects/Sky130_Power/repo_extracts/OpenRAM-stable/macros/sky130_sram_1kbyte_1rw_32x256_8/sky130_sram_1kbyte_1rw_32x256_8.sp
[2026-06-10 11:16:37.181120] ** Spice writing: 0.3 seconds
[2026-06-10 11:16:37.183099] DELAY: Writing stimulus...
[2026-06-10 11:16:37.935491] ** DELAY: 0.8 seconds
[2026-06-10 11:16:38.105284] LVS: Writing to /mnt/d/trae_projects/Sky130_Power/repo_extracts/OpenRAM-stable/macros/sky130_sram_1kbyte_1rw_32x256_8/sky130_sram_1kbyte_1rw_32x256_8.lvs.sp
[2026-06-10 11:16:38.270763] ** LVS writing: 0.2 seconds
[2026-06-10 11:16:38.272695] LIB: Characterizing... 
[2026-06-10 11:16:39.835355] WARNING: file lib.py: line 778: Failed to retrieve git id

[2026-06-10 11:16:39.837837] ** Characterization: 1.6 seconds
[2026-06-10 11:16:39.846631] Config: Writing to /mnt/d/trae_projects/Sky130_Power/repo_extracts/OpenRAM-stable/macros/sky130_sram_1kbyte_1rw_32x256_8/sky130_sram_1kbyte_1rw_32x256_8.py
[2026-06-10 11:16:39.849524] ** Config: 0.0 seconds
[2026-06-10 11:16:39.877572] Datasheet: Writing to /mnt/d/trae_projects/Sky130_Power/repo_extracts/OpenRAM-stable/macros/sky130_sram_1kbyte_1rw_32x256_8/sky130_sram_1kbyte_1rw_32x256_8.html
[2026-06-10 11:16:39.895932] ** Datasheet: 0.0 seconds
[2026-06-10 11:16:39.898260] Verilog: Writing to /mnt/d/trae_projects/Sky130_Power/repo_extracts/OpenRAM-stable/macros/sky130_sram_1kbyte_1rw_32x256_8/sky130_sram_1kbyte_1rw_32x256_8.v
[2026-06-10 11:16:39.903074] ** Verilog: 0.0 seconds
[2026-06-10 11:16:39.912453] ** End: 6.7 seconds
