START=2026-06-10T16:24:17+08:00
MEM_ID=sky130_sram_4kbyte_1rw_32x1024_8
CFG=/Sky130_memory/work/openram_configs/sky130_sram_4kbyte_1rw_32x1024_8.py
OUT_DIR=/Sky130_memory/work/openram_builds/v20260610_162230/sky130_sram_4kbyte_1rw_32x1024_8
WARNING: file globals.py: line 168: Failed to find coverage installation. This can be installed with pip3 install coverage
|==============================================================================|
|=========                      OpenRAM v1.2.49                       =========|
|=========                                                            =========|
|=========               VLSI Design and Automation Lab               =========|
|=========        Computer Science and Engineering Department         =========|
|=========            University of California Santa Cruz             =========|
|=========                                                            =========|
|=========          Usage help: openram-user-group@ucsc.edu           =========|
|=========        Development help: openram-dev-group@ucsc.edu        =========|
|=========                See LICENSE for license info                =========|
|==============================================================================|
** Start: 06/10/2026 16:24:20
Technology: sky130
Total size: 32768 bits
Word size: 32
Words: 1024
Banks: 1
Write size: 8
RW ports: 1
R-only ports: 0
W-only ports: 0
Netlist only mode (no physical design is being done, netlist_only=False to disable).
Design supply routing skipped. Supplies will have multiple must-connect pins. (route_supplies=True to enable supply routing).
DRC/LVS/PEX is only run on the top-level design to save run-time (inline_lvsdrc=True to do inline checking).
DRC/LVS/PEX is disabled (check_lvsdrc=True to enable).
Characterization is disabled (using analytical delay models) (analytical_delay=False to simulate).
Only generating nominal corner timing.
Words per row: None
Output files are: 
/Sky130_memory/work/openram_builds/v20260610_162230/sky130_sram_4kbyte_1rw_32x1024_8/sky130_sram_4kbyte_1rw_32x1024_8.lvs
/Sky130_memory/work/openram_builds/v20260610_162230/sky130_sram_4kbyte_1rw_32x1024_8/sky130_sram_4kbyte_1rw_32x1024_8.sp
/Sky130_memory/work/openram_builds/v20260610_162230/sky130_sram_4kbyte_1rw_32x1024_8/sky130_sram_4kbyte_1rw_32x1024_8.v
/Sky130_memory/work/openram_builds/v20260610_162230/sky130_sram_4kbyte_1rw_32x1024_8/sky130_sram_4kbyte_1rw_32x1024_8.lib
/Sky130_memory/work/openram_builds/v20260610_162230/sky130_sram_4kbyte_1rw_32x1024_8/sky130_sram_4kbyte_1rw_32x1024_8.py
/Sky130_memory/work/openram_builds/v20260610_162230/sky130_sram_4kbyte_1rw_32x1024_8/sky130_sram_4kbyte_1rw_32x1024_8.html
/Sky130_memory/work/openram_builds/v20260610_162230/sky130_sram_4kbyte_1rw_32x1024_8/sky130_sram_4kbyte_1rw_32x1024_8.log
** Submodules: 14.0 seconds
** SRAM creation: 14.0 seconds
SP: Writing to /Sky130_memory/work/openram_builds/v20260610_162230/sky130_sram_4kbyte_1rw_32x1024_8/sky130_sram_4kbyte_1rw_32x1024_8.sp
** Spice writing: 1.0 seconds
DELAY: Writing stimulus...
** DELAY: 5.3 seconds
LVS: Writing to /Sky130_memory/work/openram_builds/v20260610_162230/sky130_sram_4kbyte_1rw_32x1024_8/sky130_sram_4kbyte_1rw_32x1024_8.lvs.sp
** LVS writing: 0.9 seconds
LIB: Characterizing... 
fatal: not a git repository (or any of the parent directories): .git
WARNING: file lib.py: line 778: Failed to retrieve git id
** Characterization: 5.8 seconds
Config: Writing to /Sky130_memory/work/openram_builds/v20260610_162230/sky130_sram_4kbyte_1rw_32x1024_8/sky130_sram_4kbyte_1rw_32x1024_8.py
** Config: 0.0 seconds
Datasheet: Writing to /Sky130_memory/work/openram_builds/v20260610_162230/sky130_sram_4kbyte_1rw_32x1024_8/sky130_sram_4kbyte_1rw_32x1024_8.html
** Datasheet: 0.0 seconds
Verilog: Writing to /Sky130_memory/work/openram_builds/v20260610_162230/sky130_sram_4kbyte_1rw_32x1024_8/sky130_sram_4kbyte_1rw_32x1024_8.v
** Verilog: 0.0 seconds
** End: 28.1 seconds
END=2026-06-10T16:24:51+08:00
ELAPSED_SEC=34
