WARNING: file globals.py: line 168: Failed to find coverage installation. This can be installed with pip3 install coverage
|==============================================================================|
|=========                      OpenRAM v1.2.49                       =========|
|=========                                                            =========|
|=========               VLSI Design and Automation Lab               =========|
|=========        Computer Science and Engineering Department         =========|
|=========            University of California Santa Cruz             =========|
|=========                                                            =========|
|=========          Usage help: openram-user-group@ucsc.edu           =========|
|=========        Development help: openram-dev-group@ucsc.edu        =========|
|=========                See LICENSE for license info                =========|
|==============================================================================|
** Start: 06/12/2026 21:58:32
Technology: sky130
Total size: 2048 bits
Word size: 16
Words: 128
Banks: 1
RW ports: 0
R-only ports: 1
W-only ports: 1
Netlist only mode (no physical design is being done, netlist_only=False to disable).
Design supply routing skipped. Supplies will have multiple must-connect pins. (route_supplies=True to enable supply routing).
DRC/LVS/PEX is only run on the top-level design to save run-time (inline_lvsdrc=True to do inline checking).
DRC/LVS/PEX is disabled (check_lvsdrc=True to enable).
Characterization is disabled (using analytical delay models) (analytical_delay=False to simulate).
Words per row: None
Output files are: 
/Sky130_memory/work/openram_builds/v20260612_1r1w_full/sky130_sram_256bytes_1r1w_16x128/sky130_sram_256bytes_1r1w_16x128.lvs
/Sky130_memory/work/openram_builds/v20260612_1r1w_full/sky130_sram_256bytes_1r1w_16x128/sky130_sram_256bytes_1r1w_16x128.sp
/Sky130_memory/work/openram_builds/v20260612_1r1w_full/sky130_sram_256bytes_1r1w_16x128/sky130_sram_256bytes_1r1w_16x128.v
/Sky130_memory/work/openram_builds/v20260612_1r1w_full/sky130_sram_256bytes_1r1w_16x128/sky130_sram_256bytes_1r1w_16x128.lib
/Sky130_memory/work/openram_builds/v20260612_1r1w_full/sky130_sram_256bytes_1r1w_16x128/sky130_sram_256bytes_1r1w_16x128.py
/Sky130_memory/work/openram_builds/v20260612_1r1w_full/sky130_sram_256bytes_1r1w_16x128/sky130_sram_256bytes_1r1w_16x128.html
/Sky130_memory/work/openram_builds/v20260612_1r1w_full/sky130_sram_256bytes_1r1w_16x128/sky130_sram_256bytes_1r1w_16x128.log
** Submodules: 0.6 seconds
** SRAM creation: 0.6 seconds
SP: Writing to /Sky130_memory/work/openram_builds/v20260612_1r1w_full/sky130_sram_256bytes_1r1w_16x128/sky130_sram_256bytes_1r1w_16x128.sp
** Spice writing: 0.1 seconds
DELAY: Writing stimulus...
** DELAY: 0.3 seconds
LVS: Writing to /Sky130_memory/work/openram_builds/v20260612_1r1w_full/sky130_sram_256bytes_1r1w_16x128/sky130_sram_256bytes_1r1w_16x128.lvs.sp
** LVS writing: 0.1 seconds
LIB: Characterizing... 
WARNING: file elmore.py: line 45: In analytical mode, all ports have the timing of the first read port.
fatal: not a git repository (or any of the parent directories): .git
WARNING: file lib.py: line 778: Failed to retrieve git id
WARNING: file elmore.py: line 45: In analytical mode, all ports have the timing of the first read port.
fatal: not a git repository (or any of the parent directories): .git
WARNING: file lib.py: line 778: Failed to retrieve git id
WARNING: file elmore.py: line 45: In analytical mode, all ports have the timing of the first read port.
fatal: not a git repository (or any of the parent directories): .git
WARNING: file lib.py: line 778: Failed to retrieve git id
WARNING: file elmore.py: line 45: In analytical mode, all ports have the timing of the first read port.
fatal: not a git repository (or any of the parent directories): .git
WARNING: file lib.py: line 778: Failed to retrieve git id
WARNING: file elmore.py: line 45: In analytical mode, all ports have the timing of the first read port.
fatal: not a git repository (or any of the parent directories): .git
WARNING: file lib.py: line 778: Failed to retrieve git id
WARNING: file elmore.py: line 45: In analytical mode, all ports have the timing of the first read port.
fatal: not a git repository (or any of the parent directories): .git
WARNING: file lib.py: line 778: Failed to retrieve git id
WARNING: file elmore.py: line 45: In analytical mode, all ports have the timing of the first read port.
fatal: not a git repository (or any of the parent directories): .git
WARNING: file lib.py: line 778: Failed to retrieve git id
WARNING: file elmore.py: line 45: In analytical mode, all ports have the timing of the first read port.
fatal: not a git repository (or any of the parent directories): .git
WARNING: file lib.py: line 778: Failed to retrieve git id
WARNING: file elmore.py: line 45: In analytical mode, all ports have the timing of the first read port.
fatal: not a git repository (or any of the parent directories): .git
WARNING: file lib.py: line 778: Failed to retrieve git id
** Characterization: 2.9 seconds
Config: Writing to /Sky130_memory/work/openram_builds/v20260612_1r1w_full/sky130_sram_256bytes_1r1w_16x128/sky130_sram_256bytes_1r1w_16x128.py
** Config: 0.0 seconds
Datasheet: Writing to /Sky130_memory/work/openram_builds/v20260612_1r1w_full/sky130_sram_256bytes_1r1w_16x128/sky130_sram_256bytes_1r1w_16x128.html
** Datasheet: 0.0 seconds
Verilog: Writing to /Sky130_memory/work/openram_builds/v20260612_1r1w_full/sky130_sram_256bytes_1r1w_16x128/sky130_sram_256bytes_1r1w_16x128.v
** Verilog: 0.0 seconds
Extended Config: Writing to /Sky130_memory/work/openram_builds/v20260612_1r1w_full/sky130_sram_256bytes_1r1w_16x128/sky130_sram_256bytes_1r1w_16x128_extended.py
** Extended Config: 0.0 seconds
** End: 4.0 seconds
