WARNING: file globals.py: line 168: Failed to find coverage installation. This can be installed with pip3 install coverage
|==============================================================================|
|=========                      OpenRAM v1.2.49                       =========|
|=========                                                            =========|
|=========               VLSI Design and Automation Lab               =========|
|=========        Computer Science and Engineering Department         =========|
|=========            University of California Santa Cruz             =========|
|=========                                                            =========|
|=========          Usage help: openram-user-group@ucsc.edu           =========|
|=========        Development help: openram-dev-group@ucsc.edu        =========|
|=========                See LICENSE for license info                =========|
|==============================================================================|
** Start: 06/12/2026 21:54:45
Technology: sky130
Total size: 1024 bits
Word size: 16
Words: 64
Banks: 1
RW ports: 0
R-only ports: 1
W-only ports: 1
DRC/LVS/PEX is only run on the top-level design to save run-time (inline_lvsdrc=True to do inline checking).
DRC/LVS/PEX is disabled (check_lvsdrc=True to enable).
Characterization is disabled (using analytical delay models) (analytical_delay=False to simulate).
Words per row: None
Output files are: 
/Sky130_memory/work/openram_builds/v20260612_1r1w_full/sky130_sram_128bytes_1r1w_16x64/sky130_sram_128bytes_1r1w_16x64.lvs
/Sky130_memory/work/openram_builds/v20260612_1r1w_full/sky130_sram_128bytes_1r1w_16x64/sky130_sram_128bytes_1r1w_16x64.sp
/Sky130_memory/work/openram_builds/v20260612_1r1w_full/sky130_sram_128bytes_1r1w_16x64/sky130_sram_128bytes_1r1w_16x64.v
/Sky130_memory/work/openram_builds/v20260612_1r1w_full/sky130_sram_128bytes_1r1w_16x64/sky130_sram_128bytes_1r1w_16x64.lib
/Sky130_memory/work/openram_builds/v20260612_1r1w_full/sky130_sram_128bytes_1r1w_16x64/sky130_sram_128bytes_1r1w_16x64.py
/Sky130_memory/work/openram_builds/v20260612_1r1w_full/sky130_sram_128bytes_1r1w_16x64/sky130_sram_128bytes_1r1w_16x64.html
/Sky130_memory/work/openram_builds/v20260612_1r1w_full/sky130_sram_128bytes_1r1w_16x64/sky130_sram_128bytes_1r1w_16x64.log
/Sky130_memory/work/openram_builds/v20260612_1r1w_full/sky130_sram_128bytes_1r1w_16x64/sky130_sram_128bytes_1r1w_16x64.lef
/Sky130_memory/work/openram_builds/v20260612_1r1w_full/sky130_sram_128bytes_1r1w_16x64/sky130_sram_128bytes_1r1w_16x64.gds
ERROR: file replica_column.py: line 62: sky130 currently requires rows to be even and to start with X mirroring (left_rbl must be odd) for LVS.
Traceback (most recent call last):
  File "/Sky130_memory/src/OpenRAM-stable/sram_compiler.py", line 118, in <module>
    s = sram()
  File "/Sky130_memory/src/OpenRAM-stable/compiler/sram.py", line 103, in __init__
    self.s.create_netlist()
  File "/Sky130_memory/src/OpenRAM-stable/compiler/modules/sram_1bank.py", line 239, in create_netlist
    self.add_modules()
  File "/Sky130_memory/src/OpenRAM-stable/compiler/modules/sram_1bank.py", line 522, in add_modules
    self.bank = factory.create("bank", sram_config=self.sram_config, module_name="bank")
  File "/Sky130_memory/src/OpenRAM-stable/compiler/sram_factory.py", line 211, in create
    obj = mod(name=module_name, **kwargs)
  File "/Sky130_memory/src/OpenRAM-stable/compiler/modules/bank.py", line 96, in __init__
    self.create_netlist()
  File "/Sky130_memory/src/OpenRAM-stable/compiler/modules/bank.py", line 118, in create_netlist
    self.add_modules()
  File "/Sky130_memory/src/OpenRAM-stable/compiler/modules/bank.py", line 475, in add_modules
    self.bitcell_array = factory.create(module_type="capped_replica_bitcell_array",
  File "/Sky130_memory/src/OpenRAM-stable/compiler/sram_factory.py", line 211, in create
    obj = mod(name=module_name, **kwargs)
  File "/Sky130_memory/src/OpenRAM-stable/compiler/modules/capped_replica_bitcell_array.py", line 59, in __init__
    self.create_netlist()
  File "/Sky130_memory/src/OpenRAM-stable/compiler/modules/capped_replica_bitcell_array.py", line 65, in create_netlist
    self.add_modules()
  File "/Sky130_memory/src/OpenRAM-stable/compiler/modules/capped_replica_bitcell_array.py", line 72, in add_modules
    self.replica_bitcell_array = factory.create(module_type="replica_bitcell_array",
  File "/Sky130_memory/src/OpenRAM-stable/compiler/sram_factory.py", line 211, in create
    obj = mod(name=module_name, **kwargs)
  File "/Sky130_memory/src/OpenRAM-stable/compiler/modules/replica_bitcell_array.py", line 63, in __init__
    self.create_netlist()
  File "/Sky130_memory/src/OpenRAM-stable/compiler/modules/replica_bitcell_array.py", line 69, in create_netlist
    self.add_modules()
  File "/Sky130_memory/src/OpenRAM-stable/compiler/modules/replica_bitcell_array.py", line 98, in add_modules
    self.replica_columns[port] = factory.create(module_type="replica_column",
  File "/Sky130_memory/src/OpenRAM-stable/compiler/sram_factory.py", line 211, in create
    obj = mod(name=module_name, **kwargs)
  File "/Sky130_memory/src/OpenRAM-stable/compiler/modules/replica_column.py", line 62, in __init__
    debug.check(rows % 2 == 0 and (self.left_rbl + 1) % 2 == 0,
  File "/Sky130_memory/src/OpenRAM-stable/compiler/debug.py", line 34, in check
    assert 0
AssertionError
