[2026-06-12 20:51:06.697443] WARNING: file globals.py: line 168: Failed to find coverage installation. This can be installed with pip3 install coverage

[2026-06-12 20:51:08.119904] |==============================================================================|
[2026-06-12 20:51:08.120114] |=========                      OpenRAM v1.2.49                       =========|
[2026-06-12 20:51:08.120189] |=========                                                            =========|
[2026-06-12 20:51:08.120261] |=========               VLSI Design and Automation Lab               =========|
[2026-06-12 20:51:08.120335] |=========        Computer Science and Engineering Department         =========|
[2026-06-12 20:51:08.120407] |=========            University of California Santa Cruz             =========|
[2026-06-12 20:51:08.120456] |=========                                                            =========|
[2026-06-12 20:51:08.120525] |=========          Usage help: openram-user-group@ucsc.edu           =========|
[2026-06-12 20:51:08.120596] |=========        Development help: openram-dev-group@ucsc.edu        =========|
[2026-06-12 20:51:08.120664] |=========                See LICENSE for license info                =========|
[2026-06-12 20:51:08.120731] |==============================================================================|
[2026-06-12 20:51:08.120812] ** Start: 06/12/2026 20:51:08
[2026-06-12 20:51:08.120888] Technology: sky130
[2026-06-12 20:51:08.120960] Total size: 1024 bits
[2026-06-12 20:51:08.121099] Word size: 16
Words: 64
Banks: 1
[2026-06-12 20:51:08.121180] RW ports: 0
R-only ports: 1
W-only ports: 1
[2026-06-12 20:51:08.121250] Netlist only mode (no physical design is being done, netlist_only=False to disable).
[2026-06-12 20:51:08.121321] Design supply routing skipped. Supplies will have multiple must-connect pins. (route_supplies=True to enable supply routing).
[2026-06-12 20:51:08.121373] DRC/LVS/PEX is only run on the top-level design to save run-time (inline_lvsdrc=True to do inline checking).
[2026-06-12 20:51:08.121430] DRC/LVS/PEX is disabled (check_lvsdrc=True to enable).
[2026-06-12 20:51:08.121479] Characterization is disabled (using analytical delay models) (analytical_delay=False to simulate).
[2026-06-12 20:51:08.121539] Only generating nominal corner timing.
[2026-06-12 20:51:08.128000] Words per row: None
[2026-06-12 20:51:08.128126] Output files are: 
[2026-06-12 20:51:08.128179] /Sky130_memory/work/openram_builds/v20260612_1r1w/sky130_sram_128bytes_1r1w_16x64/sky130_sram_128bytes_1r1w_16x64.lvs
[2026-06-12 20:51:08.128260] /Sky130_memory/work/openram_builds/v20260612_1r1w/sky130_sram_128bytes_1r1w_16x64/sky130_sram_128bytes_1r1w_16x64.sp
[2026-06-12 20:51:08.128309] /Sky130_memory/work/openram_builds/v20260612_1r1w/sky130_sram_128bytes_1r1w_16x64/sky130_sram_128bytes_1r1w_16x64.v
[2026-06-12 20:51:08.128368] /Sky130_memory/work/openram_builds/v20260612_1r1w/sky130_sram_128bytes_1r1w_16x64/sky130_sram_128bytes_1r1w_16x64.lib
[2026-06-12 20:51:08.128486] /Sky130_memory/work/openram_builds/v20260612_1r1w/sky130_sram_128bytes_1r1w_16x64/sky130_sram_128bytes_1r1w_16x64.py
[2026-06-12 20:51:08.128538] /Sky130_memory/work/openram_builds/v20260612_1r1w/sky130_sram_128bytes_1r1w_16x64/sky130_sram_128bytes_1r1w_16x64.html
[2026-06-12 20:51:08.128597] /Sky130_memory/work/openram_builds/v20260612_1r1w/sky130_sram_128bytes_1r1w_16x64/sky130_sram_128bytes_1r1w_16x64.log
[2026-06-12 20:51:08.534116] ** Submodules: 0.4 seconds
[2026-06-12 20:51:08.534607] ** SRAM creation: 0.4 seconds
[2026-06-12 20:51:08.535238] SP: Writing to /Sky130_memory/work/openram_builds/v20260612_1r1w/sky130_sram_128bytes_1r1w_16x64/sky130_sram_128bytes_1r1w_16x64.sp
[2026-06-12 20:51:08.608455] ** Spice writing: 0.1 seconds
[2026-06-12 20:51:08.608610] DELAY: Writing stimulus...
[2026-06-12 20:51:08.849911] ** DELAY: 0.2 seconds
[2026-06-12 20:51:08.884966] LVS: Writing to /Sky130_memory/work/openram_builds/v20260612_1r1w/sky130_sram_128bytes_1r1w_16x64/sky130_sram_128bytes_1r1w_16x64.lvs.sp
[2026-06-12 20:51:08.921029] ** LVS writing: 0.0 seconds
[2026-06-12 20:51:08.921215] LIB: Characterizing... 
[2026-06-12 20:51:08.991096] WARNING: file elmore.py: line 45: In analytical mode, all ports have the timing of the first read port.

[2026-06-12 20:51:09.176624] WARNING: file lib.py: line 778: Failed to retrieve git id

[2026-06-12 20:51:09.178264] ** Characterization: 0.3 seconds
[2026-06-12 20:51:09.178574] Config: Writing to /Sky130_memory/work/openram_builds/v20260612_1r1w/sky130_sram_128bytes_1r1w_16x64/sky130_sram_128bytes_1r1w_16x64.py
[2026-06-12 20:51:09.178714] ** Config: 0.0 seconds
[2026-06-12 20:51:09.179896] Datasheet: Writing to /Sky130_memory/work/openram_builds/v20260612_1r1w/sky130_sram_128bytes_1r1w_16x64/sky130_sram_128bytes_1r1w_16x64.html
[2026-06-12 20:51:09.181113] ** Datasheet: 0.0 seconds
[2026-06-12 20:51:09.181190] Verilog: Writing to /Sky130_memory/work/openram_builds/v20260612_1r1w/sky130_sram_128bytes_1r1w_16x64/sky130_sram_128bytes_1r1w_16x64.v
[2026-06-12 20:51:09.181569] ** Verilog: 0.0 seconds
[2026-06-12 20:51:09.183149] ** End: 1.1 seconds
