[2026-06-12 22:05:50.063696] WARNING: file globals.py: line 168: Failed to find coverage installation. This can be installed with pip3 install coverage

[2026-06-12 22:05:51.524826] |==============================================================================|
[2026-06-12 22:05:51.524934] |=========                      OpenRAM v1.2.49                       =========|
[2026-06-12 22:05:51.524980] |=========                                                            =========|
[2026-06-12 22:05:51.525047] |=========               VLSI Design and Automation Lab               =========|
[2026-06-12 22:05:51.525088] |=========        Computer Science and Engineering Department         =========|
[2026-06-12 22:05:51.525126] |=========            University of California Santa Cruz             =========|
[2026-06-12 22:05:51.525162] |=========                                                            =========|
[2026-06-12 22:05:51.525198] |=========          Usage help: openram-user-group@ucsc.edu           =========|
[2026-06-12 22:05:51.525233] |=========        Development help: openram-dev-group@ucsc.edu        =========|
[2026-06-12 22:05:51.525352] |=========                See LICENSE for license info                =========|
[2026-06-12 22:05:51.525397] |==============================================================================|
[2026-06-12 22:05:51.525454] ** Start: 06/12/2026 22:05:51
[2026-06-12 22:05:51.525499] Technology: sky130
[2026-06-12 22:05:51.525539] Total size: 3072 bits
[2026-06-12 22:05:51.525580] Word size: 24
Words: 128
Banks: 1
[2026-06-12 22:05:51.525622] RW ports: 0
R-only ports: 1
W-only ports: 1
[2026-06-12 22:05:51.525659] Netlist only mode (no physical design is being done, netlist_only=False to disable).
[2026-06-12 22:05:51.525697] Design supply routing skipped. Supplies will have multiple must-connect pins. (route_supplies=True to enable supply routing).
[2026-06-12 22:05:51.525736] DRC/LVS/PEX is only run on the top-level design to save run-time (inline_lvsdrc=True to do inline checking).
[2026-06-12 22:05:51.525773] DRC/LVS/PEX is disabled (check_lvsdrc=True to enable).
[2026-06-12 22:05:51.525809] Characterization is disabled (using analytical delay models) (analytical_delay=False to simulate).
[2026-06-12 22:05:51.532684] Words per row: None
[2026-06-12 22:05:51.532801] Output files are: 
[2026-06-12 22:05:51.532847] /Sky130_memory/work/openram_builds/v20260612_1r1w_full/sky130_sram_96bytes_1r1w_24x128/sky130_sram_96bytes_1r1w_24x128.lvs
[2026-06-12 22:05:51.532889] /Sky130_memory/work/openram_builds/v20260612_1r1w_full/sky130_sram_96bytes_1r1w_24x128/sky130_sram_96bytes_1r1w_24x128.sp
[2026-06-12 22:05:51.532926] /Sky130_memory/work/openram_builds/v20260612_1r1w_full/sky130_sram_96bytes_1r1w_24x128/sky130_sram_96bytes_1r1w_24x128.v
[2026-06-12 22:05:51.532962] /Sky130_memory/work/openram_builds/v20260612_1r1w_full/sky130_sram_96bytes_1r1w_24x128/sky130_sram_96bytes_1r1w_24x128.lib
[2026-06-12 22:05:51.533078] /Sky130_memory/work/openram_builds/v20260612_1r1w_full/sky130_sram_96bytes_1r1w_24x128/sky130_sram_96bytes_1r1w_24x128.py
[2026-06-12 22:05:51.533124] /Sky130_memory/work/openram_builds/v20260612_1r1w_full/sky130_sram_96bytes_1r1w_24x128/sky130_sram_96bytes_1r1w_24x128.html
[2026-06-12 22:05:51.533163] /Sky130_memory/work/openram_builds/v20260612_1r1w_full/sky130_sram_96bytes_1r1w_24x128/sky130_sram_96bytes_1r1w_24x128.log
[2026-06-12 22:05:52.460523] ** Submodules: 0.9 seconds
[2026-06-12 22:05:52.460794] ** SRAM creation: 0.9 seconds
[2026-06-12 22:05:52.461355] SP: Writing to /Sky130_memory/work/openram_builds/v20260612_1r1w_full/sky130_sram_96bytes_1r1w_24x128/sky130_sram_96bytes_1r1w_24x128.sp
[2026-06-12 22:05:52.596975] ** Spice writing: 0.1 seconds
[2026-06-12 22:05:52.597103] DELAY: Writing stimulus...
[2026-06-12 22:05:53.077885] ** DELAY: 0.5 seconds
[2026-06-12 22:05:53.159171] LVS: Writing to /Sky130_memory/work/openram_builds/v20260612_1r1w_full/sky130_sram_96bytes_1r1w_24x128/sky130_sram_96bytes_1r1w_24x128.lvs.sp
[2026-06-12 22:05:53.239931] ** LVS writing: 0.1 seconds
[2026-06-12 22:05:53.240068] LIB: Characterizing... 
[2026-06-12 22:05:53.310975] WARNING: file elmore.py: line 45: In analytical mode, all ports have the timing of the first read port.

[2026-06-12 22:05:53.720726] WARNING: file lib.py: line 778: Failed to retrieve git id

[2026-06-12 22:05:53.722899] WARNING: file elmore.py: line 45: In analytical mode, all ports have the timing of the first read port.

[2026-06-12 22:05:54.157169] WARNING: file lib.py: line 778: Failed to retrieve git id

[2026-06-12 22:05:54.159230] WARNING: file elmore.py: line 45: In analytical mode, all ports have the timing of the first read port.

[2026-06-12 22:05:54.595479] WARNING: file lib.py: line 778: Failed to retrieve git id

[2026-06-12 22:05:54.597649] WARNING: file elmore.py: line 45: In analytical mode, all ports have the timing of the first read port.

[2026-06-12 22:05:55.085997] WARNING: file lib.py: line 778: Failed to retrieve git id

[2026-06-12 22:05:55.088177] WARNING: file elmore.py: line 45: In analytical mode, all ports have the timing of the first read port.

[2026-06-12 22:05:55.500187] WARNING: file lib.py: line 778: Failed to retrieve git id

[2026-06-12 22:05:55.502471] WARNING: file elmore.py: line 45: In analytical mode, all ports have the timing of the first read port.

[2026-06-12 22:05:55.906724] WARNING: file lib.py: line 778: Failed to retrieve git id

[2026-06-12 22:05:55.909081] WARNING: file elmore.py: line 45: In analytical mode, all ports have the timing of the first read port.

[2026-06-12 22:05:56.326261] WARNING: file lib.py: line 778: Failed to retrieve git id

[2026-06-12 22:05:56.328564] WARNING: file elmore.py: line 45: In analytical mode, all ports have the timing of the first read port.

[2026-06-12 22:05:56.732949] WARNING: file lib.py: line 778: Failed to retrieve git id

[2026-06-12 22:05:56.735128] WARNING: file elmore.py: line 45: In analytical mode, all ports have the timing of the first read port.

[2026-06-12 22:05:57.217363] WARNING: file lib.py: line 778: Failed to retrieve git id

[2026-06-12 22:05:57.218679] ** Characterization: 4.0 seconds
[2026-06-12 22:05:57.218891] Config: Writing to /Sky130_memory/work/openram_builds/v20260612_1r1w_full/sky130_sram_96bytes_1r1w_24x128/sky130_sram_96bytes_1r1w_24x128.py
[2026-06-12 22:05:57.218949] ** Config: 0.0 seconds
[2026-06-12 22:05:57.220076] Datasheet: Writing to /Sky130_memory/work/openram_builds/v20260612_1r1w_full/sky130_sram_96bytes_1r1w_24x128/sky130_sram_96bytes_1r1w_24x128.html
[2026-06-12 22:05:57.221914] ** Datasheet: 0.0 seconds
[2026-06-12 22:05:57.221980] Verilog: Writing to /Sky130_memory/work/openram_builds/v20260612_1r1w_full/sky130_sram_96bytes_1r1w_24x128/sky130_sram_96bytes_1r1w_24x128.v
[2026-06-12 22:05:57.222218] ** Verilog: 0.0 seconds
[2026-06-12 22:05:57.222275] Extended Config: Writing to /Sky130_memory/work/openram_builds/v20260612_1r1w_full/sky130_sram_96bytes_1r1w_24x128/sky130_sram_96bytes_1r1w_24x128_extended.py
[2026-06-12 22:05:57.222595] ** Extended Config: 0.0 seconds
[2026-06-12 22:05:57.224291] ** End: 5.7 seconds
