[2026-06-12 20:51:09.889501] WARNING: file globals.py: line 168: Failed to find coverage installation. This can be installed with pip3 install coverage

[2026-06-12 20:51:11.325880] |==============================================================================|
[2026-06-12 20:51:11.326028] |=========                      OpenRAM v1.2.49                       =========|
[2026-06-12 20:51:11.326096] |=========                                                            =========|
[2026-06-12 20:51:11.326146] |=========               VLSI Design and Automation Lab               =========|
[2026-06-12 20:51:11.326191] |=========        Computer Science and Engineering Department         =========|
[2026-06-12 20:51:11.326234] |=========            University of California Santa Cruz             =========|
[2026-06-12 20:51:11.326277] |=========                                                            =========|
[2026-06-12 20:51:11.326319] |=========          Usage help: openram-user-group@ucsc.edu           =========|
[2026-06-12 20:51:11.326443] |=========        Development help: openram-dev-group@ucsc.edu        =========|
[2026-06-12 20:51:11.326526] |=========                See LICENSE for license info                =========|
[2026-06-12 20:51:11.326611] |==============================================================================|
[2026-06-12 20:51:11.326710] ** Start: 06/12/2026 20:51:11
[2026-06-12 20:51:11.326802] Technology: sky130
[2026-06-12 20:51:11.326888] Total size: 1024 bits
[2026-06-12 20:51:11.326978] Word size: 32
Words: 32
Banks: 1
[2026-06-12 20:51:11.327065] RW ports: 0
R-only ports: 1
W-only ports: 1
[2026-06-12 20:51:11.327134] Netlist only mode (no physical design is being done, netlist_only=False to disable).
[2026-06-12 20:51:11.327206] Design supply routing skipped. Supplies will have multiple must-connect pins. (route_supplies=True to enable supply routing).
[2026-06-12 20:51:11.327326] DRC/LVS/PEX is only run on the top-level design to save run-time (inline_lvsdrc=True to do inline checking).
[2026-06-12 20:51:11.327396] DRC/LVS/PEX is disabled (check_lvsdrc=True to enable).
[2026-06-12 20:51:11.327465] Characterization is disabled (using analytical delay models) (analytical_delay=False to simulate).
[2026-06-12 20:51:11.327533] Only generating nominal corner timing.
[2026-06-12 20:51:11.333547] Words per row: None
[2026-06-12 20:51:11.333661] Output files are: 
[2026-06-12 20:51:11.333724] /Sky130_memory/work/openram_builds/v20260612_1r1w/sky130_sram_128bytes_1r1w_32x32/sky130_sram_128bytes_1r1w_32x32.lvs
[2026-06-12 20:51:11.333791] /Sky130_memory/work/openram_builds/v20260612_1r1w/sky130_sram_128bytes_1r1w_32x32/sky130_sram_128bytes_1r1w_32x32.sp
[2026-06-12 20:51:11.333840] /Sky130_memory/work/openram_builds/v20260612_1r1w/sky130_sram_128bytes_1r1w_32x32/sky130_sram_128bytes_1r1w_32x32.v
[2026-06-12 20:51:11.333878] /Sky130_memory/work/openram_builds/v20260612_1r1w/sky130_sram_128bytes_1r1w_32x32/sky130_sram_128bytes_1r1w_32x32.lib
[2026-06-12 20:51:11.333914] /Sky130_memory/work/openram_builds/v20260612_1r1w/sky130_sram_128bytes_1r1w_32x32/sky130_sram_128bytes_1r1w_32x32.py
[2026-06-12 20:51:11.333949] /Sky130_memory/work/openram_builds/v20260612_1r1w/sky130_sram_128bytes_1r1w_32x32/sky130_sram_128bytes_1r1w_32x32.html
[2026-06-12 20:51:11.334001] /Sky130_memory/work/openram_builds/v20260612_1r1w/sky130_sram_128bytes_1r1w_32x32/sky130_sram_128bytes_1r1w_32x32.log
[2026-06-12 20:51:11.730786] ** Submodules: 0.4 seconds
[2026-06-12 20:51:11.731091] ** SRAM creation: 0.4 seconds
[2026-06-12 20:51:11.731704] SP: Writing to /Sky130_memory/work/openram_builds/v20260612_1r1w/sky130_sram_128bytes_1r1w_32x32/sky130_sram_128bytes_1r1w_32x32.sp
[2026-06-12 20:51:11.818544] ** Spice writing: 0.1 seconds
[2026-06-12 20:51:11.818726] DELAY: Writing stimulus...
[2026-06-12 20:51:12.047165] ** DELAY: 0.2 seconds
[2026-06-12 20:51:12.082729] LVS: Writing to /Sky130_memory/work/openram_builds/v20260612_1r1w/sky130_sram_128bytes_1r1w_32x32/sky130_sram_128bytes_1r1w_32x32.lvs.sp
[2026-06-12 20:51:12.117534] ** LVS writing: 0.0 seconds
[2026-06-12 20:51:12.117714] LIB: Characterizing... 
[2026-06-12 20:51:12.189491] WARNING: file elmore.py: line 45: In analytical mode, all ports have the timing of the first read port.

[2026-06-12 20:51:12.370449] WARNING: file lib.py: line 778: Failed to retrieve git id

[2026-06-12 20:51:12.371903] ** Characterization: 0.3 seconds
[2026-06-12 20:51:12.372272] Config: Writing to /Sky130_memory/work/openram_builds/v20260612_1r1w/sky130_sram_128bytes_1r1w_32x32/sky130_sram_128bytes_1r1w_32x32.py
[2026-06-12 20:51:12.372409] ** Config: 0.0 seconds
[2026-06-12 20:51:12.373529] Datasheet: Writing to /Sky130_memory/work/openram_builds/v20260612_1r1w/sky130_sram_128bytes_1r1w_32x32/sky130_sram_128bytes_1r1w_32x32.html
[2026-06-12 20:51:12.374740] ** Datasheet: 0.0 seconds
[2026-06-12 20:51:12.374806] Verilog: Writing to /Sky130_memory/work/openram_builds/v20260612_1r1w/sky130_sram_128bytes_1r1w_32x32/sky130_sram_128bytes_1r1w_32x32.v
[2026-06-12 20:51:12.375173] ** Verilog: 0.0 seconds
[2026-06-12 20:51:12.376639] ** End: 1.0 seconds
